2021-07-21 17:03:39,765 DEBUG edu.cpcc.lab.mypost.service.controller.MyPostController [http-nio-8080-exec-2] postPost(): entered...
2021-07-21 17:03:39,778 DEBUG edu.cpcc.lab.mypost.service.controller.MyPostController [http-nio-8080-exec-2] postPost(): exited...
2021-07-21 17:03:48,229 DEBUG edu.cpcc.lab.mypost.service.controller.MyPostController [http-nio-8080-exec-3] getPosts(): entered...
2021-07-21 17:03:48,238 DEBUG edu.cpcc.lab.mypost.service.controller.MyPostController [http-nio-8080-exec-3] getPosts(): exiting...
2021-07-21 17:04:01,030 DEBUG edu.cpcc.lab.mypost.service.controller.MyPostController [http-nio-8080-exec-4] postPost(): entered...
2021-07-21 17:04:01,044 DEBUG edu.cpcc.lab.mypost.service.controller.MyPostController [http-nio-8080-exec-4] postPost(): exited...
2021-07-21 17:04:45,854 DEBUG edu.cpcc.lab.mypost.service.controller.MyPostController [http-nio-8080-exec-7] getPosts(): entered...
2021-07-21 17:04:45,861 DEBUG edu.cpcc.lab.mypost.service.controller.MyPostController [http-nio-8080-exec-7] getPosts(): exiting...
2021-07-21 17:05:09,177 DEBUG edu.cpcc.lab.mypost.service.controller.MyPostController [http-nio-8080-exec-9] deletePost(): entered...
2021-07-21 17:05:09,196 DEBUG edu.cpcc.lab.mypost.service.controller.MyPostController [http-nio-8080-exec-9] deletePost(): exited...
2021-07-21 17:05:15,968 DEBUG edu.cpcc.lab.mypost.service.controller.MyPostController [http-nio-8080-exec-10] getPost(): entered...
2021-07-21 17:05:27,193 DEBUG edu.cpcc.lab.mypost.service.controller.MyPostController [http-nio-8080-exec-1] getPosts(): entered...
2021-07-21 17:05:27,199 DEBUG edu.cpcc.lab.mypost.service.controller.MyPostController [http-nio-8080-exec-1] getPosts(): exiting...
2021-07-21 17:05:32,467 DEBUG edu.cpcc.lab.mypost.service.controller.MyPostController [http-nio-8080-exec-2] getPost(): entered...
2021-07-21 17:05:32,473 DEBUG edu.cpcc.lab.mypost.service.controller.MyPostController [http-nio-8080-exec-2] getPost(): exiting...
2021-07-21 17:06:06,345 DEBUG edu.cpcc.lab.mypost.service.controller.MyUserController [http-nio-8080-exec-3] register() from UserResource: entered...
2021-07-21 17:06:06,345 ERROR edu.cpcc.lab.mypost.service.controller.MyUserController [http-nio-8080-exec-3] register() from UserResource: entered...
2021-07-21 17:06:06,346 WARN edu.cpcc.lab.mypost.service.controller.MyUserController [http-nio-8080-exec-3] register() from UserResource: entered...
2021-07-21 17:06:16,454 DEBUG edu.cpcc.lab.mypost.service.controller.MyUserController [http-nio-8080-exec-5] register() from UserResource: entered...
2021-07-21 17:06:16,455 ERROR edu.cpcc.lab.mypost.service.controller.MyUserController [http-nio-8080-exec-5] register() from UserResource: entered...
2021-07-21 17:06:16,455 WARN edu.cpcc.lab.mypost.service.controller.MyUserController [http-nio-8080-exec-5] register() from UserResource: entered...
2021-07-21 17:06:16,569 DEBUG edu.cpcc.lab.mypost.service.controller.MyUserController [http-nio-8080-exec-5] register() from UserResource: exiting...
2021-07-21 17:06:26,529 DEBUG edu.cpcc.lab.mypost.service.controller.MyUserController [http-nio-8080-exec-6] register() from UserResource: entered...
2021-07-21 17:06:26,529 ERROR edu.cpcc.lab.mypost.service.controller.MyUserController [http-nio-8080-exec-6] register() from UserResource: entered...
2021-07-21 17:06:26,529 WARN edu.cpcc.lab.mypost.service.controller.MyUserController [http-nio-8080-exec-6] register() from UserResource: entered...
2021-07-21 17:06:26,643 DEBUG edu.cpcc.lab.mypost.service.controller.MyUserController [http-nio-8080-exec-6] register() from UserResource: exiting...
2021-07-21 17:06:39,008 DEBUG edu.cpcc.lab.mypost.service.controller.MyUserController [http-nio-8080-exec-8] UserResource:get(): entered...
2021-07-21 17:06:39,016 DEBUG edu.cpcc.lab.mypost.service.controller.MyUserController [http-nio-8080-exec-8] UserResource:get(): exiting...
2021-07-21 17:06:51,108 DEBUG edu.cpcc.lab.mypost.service.controller.MyUserController [http-nio-8080-exec-9] UserResource:get(): entered...
2021-07-21 17:06:51,113 DEBUG edu.cpcc.lab.mypost.service.controller.MyUserController [http-nio-8080-exec-9] UserResource:get(): exiting...
2021-07-21 17:06:56,788 DEBUG edu.cpcc.lab.mypost.service.controller.MyUserController [http-nio-8080-exec-10] UserResource:delete(): entered...
2021-07-21 17:06:56,807 DEBUG edu.cpcc.lab.mypost.service.controller.MyUserController [http-nio-8080-exec-10] UserResource:delete(): exited...
2021-07-21 17:07:10,629 DEBUG edu.cpcc.lab.mypost.service.controller.MyUserController [http-nio-8080-exec-1] UserResource:get(): entered...
2021-07-21 17:07:10,633 DEBUG edu.cpcc.lab.mypost.service.controller.MyUserController [http-nio-8080-exec-1] UserResource:get(): exiting...
2021-07-21 17:07:29,911 DEBUG edu.cpcc.lab.mypost.service.controller.MyUserController [http-nio-8080-exec-2] UserResource:update(): entered...
2021-07-21 17:07:30,027 DEBUG edu.cpcc.lab.mypost.service.controller.MyUserController [http-nio-8080-exec-2] UserResource:update(): exited...
2021-07-21 17:07:38,650 DEBUG edu.cpcc.lab.mypost.service.controller.MyUserController [http-nio-8080-exec-3] UserResource:get(): entered...
2021-07-21 17:07:38,657 DEBUG edu.cpcc.lab.mypost.service.controller.MyUserController [http-nio-8080-exec-3] UserResource:get(): exiting...
2021-07-21 17:08:49,983 DEBUG edu.cpcc.lab.mypost.service.controller.MyUserController [http-nio-8080-exec-6] register() from UserResource: entered...
2021-07-21 17:08:49,983 ERROR edu.cpcc.lab.mypost.service.controller.MyUserController [http-nio-8080-exec-6] register() from UserResource: entered...
2021-07-21 17:08:49,983 WARN edu.cpcc.lab.mypost.service.controller.MyUserController [http-nio-8080-exec-6] register() from UserResource: entered...
2021-07-21 17:08:50,099 DEBUG edu.cpcc.lab.mypost.service.controller.MyUserController [http-nio-8080-exec-6] register() from UserResource: exiting...
2021-07-21 17:10:21,401 INFO org.springframework.boot.StartupInfoLogger [restartedMain] Starting StudentFinalProjectApplication using Java 15.0.2 on DESKTOP-F5DE8QE with PID 18152 (C:\Users\sande\Desktop\CCE-PRG7933\SpringBootWorkspace_DARK\student-final-project_07142021\student-final-project\target\classes started by sande in C:\Users\sande\Desktop\CCE-PRG7933\SpringBootWorkspace_DARK\student-final-project_07142021\student-final-project)
2021-07-21 17:10:21,404 DEBUG org.springframework.boot.StartupInfoLogger [restartedMain] Running with Spring Boot v2.5.2, Spring v5.3.8
2021-07-21 17:10:21,404 INFO org.springframework.boot.SpringApplication [restartedMain] No active profile set, falling back to default profiles: default
2021-07-21 17:10:25,217 INFO org.springframework.boot.StartupInfoLogger [restartedMain] Started StudentFinalProjectApplication in 4.258 seconds (JVM running for 5.104)
