2024-06-07T13:42:08.279-04:00  INFO 70153 --- [Genuine] [restartedMain] com.geniune.GenuineApplication           : Starting GenuineApplication using Java 17.0.11 with PID 70153 (/Users/nicoleanderson/Desktop/STS_WORKSPACE_DARK/Genuine/target/classes started by nicoleanderson in /Users/nicoleanderson/Desktop/STS_WORKSPACE_DARK/Genuine)
2024-06-07T13:42:08.280-04:00  INFO 70153 --- [Genuine] [restartedMain] com.geniune.GenuineApplication           : No active profile set, falling back to 1 default profile: "default"
2024-06-07T13:42:08.295-04:00  INFO 70153 --- [Genuine] [restartedMain] .e.DevToolsPropertyDefaultsPostProcessor : Devtools property defaults active! Set 'spring.devtools.add-properties' to 'false' to disable
2024-06-07T13:42:08.296-04:00  INFO 70153 --- [Genuine] [restartedMain] .e.DevToolsPropertyDefaultsPostProcessor : For additional web related logging consider setting the 'logging.level.web' property to 'DEBUG'
2024-06-07T13:42:08.519-04:00  INFO 70153 --- [Genuine] [restartedMain] .s.d.r.c.RepositoryConfigurationDelegate : Bootstrapping Spring Data JPA repositories in DEFAULT mode.
2024-06-07T13:42:08.538-04:00  INFO 70153 --- [Genuine] [restartedMain] .s.d.r.c.RepositoryConfigurationDelegate : Finished Spring Data repository scanning in 16 ms. Found 1 JPA repository interface.
2024-06-07T13:42:08.726-04:00  INFO 70153 --- [Genuine] [restartedMain] o.s.b.w.embedded.tomcat.TomcatWebServer  : Tomcat initialized with port 8080 (http)
2024-06-07T13:42:08.730-04:00  INFO 70153 --- [Genuine] [restartedMain] o.apache.catalina.core.StandardService   : Starting service [Tomcat]
2024-06-07T13:42:08.730-04:00  INFO 70153 --- [Genuine] [restartedMain] o.apache.catalina.core.StandardEngine    : Starting Servlet engine: [Apache Tomcat/10.1.24]
2024-06-07T13:42:08.745-04:00  INFO 70153 --- [Genuine] [restartedMain] o.a.c.c.C.[Tomcat].[localhost].[/]       : Initializing Spring embedded WebApplicationContext
2024-06-07T13:42:08.745-04:00  INFO 70153 --- [Genuine] [restartedMain] w.s.c.ServletWebServerApplicationContext : Root WebApplicationContext: initialization completed in 449 ms
2024-06-07T13:42:08.787-04:00  INFO 70153 --- [Genuine] [restartedMain] o.hibernate.jpa.internal.util.LogHelper  : HHH000204: Processing PersistenceUnitInfo [name: default]
2024-06-07T13:42:08.802-04:00  INFO 70153 --- [Genuine] [restartedMain] org.hibernate.Version                    : HHH000412: Hibernate ORM core version 6.5.2.Final
2024-06-07T13:42:08.812-04:00  INFO 70153 --- [Genuine] [restartedMain] o.h.c.internal.RegionFactoryInitiator    : HHH000026: Second-level cache disabled
2024-06-07T13:42:08.902-04:00  INFO 70153 --- [Genuine] [restartedMain] o.s.o.j.p.SpringPersistenceUnitInfo      : No LoadTimeWeaver setup: ignoring JPA class transformer
2024-06-07T13:42:08.911-04:00  INFO 70153 --- [Genuine] [restartedMain] com.zaxxer.hikari.HikariDataSource       : HikariPool-1 - Starting...
2024-06-07T13:42:09.022-04:00  INFO 70153 --- [Genuine] [restartedMain] com.zaxxer.hikari.pool.HikariPool        : HikariPool-1 - Added connection com.mysql.cj.jdbc.ConnectionImpl@6a0f57c
2024-06-07T13:42:09.022-04:00  INFO 70153 --- [Genuine] [restartedMain] com.zaxxer.hikari.HikariDataSource       : HikariPool-1 - Start completed.
2024-06-07T13:42:09.314-04:00  INFO 70153 --- [Genuine] [restartedMain] o.h.e.t.j.p.i.JtaPlatformInitiator       : HHH000489: No JTA platform available (set 'hibernate.transaction.jta.platform' to enable JTA platform integration)
2024-06-07T13:42:09.333-04:00  INFO 70153 --- [Genuine] [restartedMain] j.LocalContainerEntityManagerFactoryBean : Initialized JPA EntityManagerFactory for persistence unit 'default'
2024-06-07T13:42:09.463-04:00  WARN 70153 --- [Genuine] [restartedMain] JpaBaseConfiguration$JpaWebConfiguration : spring.jpa.open-in-view is enabled by default. Therefore, database queries may be performed during view rendering. Explicitly configure spring.jpa.open-in-view to disable this warning
2024-06-07T13:42:09.470-04:00  INFO 70153 --- [Genuine] [restartedMain] eAuthenticationProviderManagerConfigurer : Global AuthenticationManager configured with AuthenticationProvider bean with name authenticationProvider
2024-06-07T13:42:09.470-04:00  WARN 70153 --- [Genuine] [restartedMain] r$InitializeUserDetailsManagerConfigurer : Global AuthenticationManager configured with an AuthenticationProvider bean. UserDetailsService beans will not be used for username/password login. Consider removing the AuthenticationProvider bean. Alternatively, consider using the UserDetailsService in a manually instantiated DaoAuthenticationProvider.
2024-06-07T13:42:09.558-04:00  INFO 70153 --- [Genuine] [restartedMain] o.s.s.web.DefaultSecurityFilterChain     : Will secure any request with [org.springframework.security.web.session.DisableEncodeUrlFilter@97a93a, org.springframework.security.web.context.request.async.WebAsyncManagerIntegrationFilter@73283285, org.springframework.security.web.context.SecurityContextHolderFilter@4f33c039, org.springframework.security.web.header.HeaderWriterFilter@3e8962c1, org.springframework.web.filter.CorsFilter@9b4da72, org.springframework.security.web.authentication.logout.LogoutFilter@3ff0e6d7, com.geniune.security.JwtAuthenticationFilter$$SpringCGLIB$$0@2b1dd64f, org.springframework.security.web.authentication.UsernamePasswordAuthenticationFilter@6ae20082, org.springframework.security.web.authentication.ui.DefaultLoginPageGeneratingFilter@7e70ca8d, org.springframework.security.web.authentication.ui.DefaultLogoutPageGeneratingFilter@2bea0f93, org.springframework.security.web.savedrequest.RequestCacheAwareFilter@430ee4f5, org.springframework.security.web.servletapi.SecurityContextHolderAwareRequestFilter@6cc9fd80, org.springframework.security.web.authentication.AnonymousAuthenticationFilter@1689bdad, org.springframework.security.web.access.ExceptionTranslationFilter@5314eddc, org.springframework.security.web.access.intercept.AuthorizationFilter@4b77077a]
2024-06-07T13:42:09.603-04:00  WARN 70153 --- [Genuine] [restartedMain] ion$DefaultTemplateResolverConfiguration : Cannot find template location: classpath:/templates/ (please add some templates, check your Thymeleaf configuration, or set spring.thymeleaf.check-template-location=false)
2024-06-07T13:42:09.636-04:00  INFO 70153 --- [Genuine] [restartedMain] o.s.b.d.a.OptionalLiveReloadServer       : LiveReload server is running on port 35729
2024-06-07T13:42:09.649-04:00  INFO 70153 --- [Genuine] [restartedMain] o.s.b.w.embedded.tomcat.TomcatWebServer  : Tomcat started on port 8080 (http) with context path '/'
2024-06-07T13:42:09.654-04:00  INFO 70153 --- [Genuine] [restartedMain] com.geniune.GenuineApplication           : Started GenuineApplication in 1.508 seconds (process running for 1.765)
2024-06-07T13:42:16.233-04:00  INFO 70153 --- [Genuine] [http-nio-8080-exec-1] o.a.c.c.C.[Tomcat].[localhost].[/]       : Initializing Spring DispatcherServlet 'dispatcherServlet'
2024-06-07T13:42:16.234-04:00  INFO 70153 --- [Genuine] [http-nio-8080-exec-1] o.s.web.servlet.DispatcherServlet        : Initializing Servlet 'dispatcherServlet'
2024-06-07T13:42:16.235-04:00  INFO 70153 --- [Genuine] [http-nio-8080-exec-1] o.s.web.servlet.DispatcherServlet        : Completed initialization in 1 ms
2024-06-07T13:42:26.863-04:00  INFO 70153 --- [Genuine] [RMI TCP Connection(2)-127.0.0.1] inMXBeanRegistrar$SpringApplicationAdmin : Application shutdown requested.
2024-06-07T13:42:26.873-04:00  INFO 70153 --- [Genuine] [RMI TCP Connection(2)-127.0.0.1] j.LocalContainerEntityManagerFactoryBean : Closing JPA EntityManagerFactory for persistence unit 'default'
2024-06-07T13:42:26.876-04:00  INFO 70153 --- [Genuine] [RMI TCP Connection(2)-127.0.0.1] com.zaxxer.hikari.HikariDataSource       : HikariPool-1 - Shutdown initiated...
2024-06-07T13:42:26.881-04:00  INFO 70153 --- [Genuine] [RMI TCP Connection(2)-127.0.0.1] com.zaxxer.hikari.HikariDataSource       : HikariPool-1 - Shutdown completed.
2024-06-07T13:42:32.205-04:00  INFO 70155 --- [Genuine] [restartedMain] com.geniune.GenuineApplication           : Starting GenuineApplication using Java 17.0.11 with PID 70155 (/Users/nicoleanderson/Desktop/STS_WORKSPACE_DARK/Genuine/target/classes started by nicoleanderson in /Users/nicoleanderson/Desktop/STS_WORKSPACE_DARK/Genuine)
2024-06-07T13:42:32.206-04:00  INFO 70155 --- [Genuine] [restartedMain] com.geniune.GenuineApplication           : No active profile set, falling back to 1 default profile: "default"
2024-06-07T13:42:32.224-04:00  INFO 70155 --- [Genuine] [restartedMain] .e.DevToolsPropertyDefaultsPostProcessor : Devtools property defaults active! Set 'spring.devtools.add-properties' to 'false' to disable
2024-06-07T13:42:32.225-04:00  INFO 70155 --- [Genuine] [restartedMain] .e.DevToolsPropertyDefaultsPostProcessor : For additional web related logging consider setting the 'logging.level.web' property to 'DEBUG'
2024-06-07T13:42:32.592-04:00  INFO 70155 --- [Genuine] [restartedMain] .s.d.r.c.RepositoryConfigurationDelegate : Bootstrapping Spring Data JPA repositories in DEFAULT mode.
2024-06-07T13:42:32.611-04:00  INFO 70155 --- [Genuine] [restartedMain] .s.d.r.c.RepositoryConfigurationDelegate : Finished Spring Data repository scanning in 16 ms. Found 1 JPA repository interface.
2024-06-07T13:42:33.075-04:00  INFO 70155 --- [Genuine] [restartedMain] o.s.b.w.embedded.tomcat.TomcatWebServer  : Tomcat initialized with port 8080 (http)
2024-06-07T13:42:33.083-04:00  INFO 70155 --- [Genuine] [restartedMain] o.apache.catalina.core.StandardService   : Starting service [Tomcat]
2024-06-07T13:42:33.084-04:00  INFO 70155 --- [Genuine] [restartedMain] o.apache.catalina.core.StandardEngine    : Starting Servlet engine: [Apache Tomcat/10.1.24]
2024-06-07T13:42:33.108-04:00  INFO 70155 --- [Genuine] [restartedMain] o.a.c.c.C.[Tomcat].[localhost].[/]       : Initializing Spring embedded WebApplicationContext
2024-06-07T13:42:33.108-04:00  INFO 70155 --- [Genuine] [restartedMain] w.s.c.ServletWebServerApplicationContext : Root WebApplicationContext: initialization completed in 883 ms
2024-06-07T13:42:33.504-04:00  INFO 70155 --- [Genuine] [restartedMain] o.hibernate.jpa.internal.util.LogHelper  : HHH000204: Processing PersistenceUnitInfo [name: default]
2024-06-07T13:42:33.524-04:00  INFO 70155 --- [Genuine] [restartedMain] org.hibernate.Version                    : HHH000412: Hibernate ORM core version 6.5.2.Final
2024-06-07T13:42:33.538-04:00  INFO 70155 --- [Genuine] [restartedMain] o.h.c.internal.RegionFactoryInitiator    : HHH000026: Second-level cache disabled
2024-06-07T13:42:33.639-04:00  INFO 70155 --- [Genuine] [restartedMain] o.s.o.j.p.SpringPersistenceUnitInfo      : No LoadTimeWeaver setup: ignoring JPA class transformer
2024-06-07T13:42:33.651-04:00  INFO 70155 --- [Genuine] [restartedMain] com.zaxxer.hikari.HikariDataSource       : HikariPool-1 - Starting...
2024-06-07T13:42:34.445-04:00  INFO 70155 --- [Genuine] [restartedMain] com.zaxxer.hikari.pool.HikariPool        : HikariPool-1 - Added connection com.mysql.cj.jdbc.ConnectionImpl@455400ae
2024-06-07T13:42:34.446-04:00  INFO 70155 --- [Genuine] [restartedMain] com.zaxxer.hikari.HikariDataSource       : HikariPool-1 - Start completed.
2024-06-07T13:42:34.887-04:00  INFO 70155 --- [Genuine] [restartedMain] o.h.e.t.j.p.i.JtaPlatformInitiator       : HHH000489: No JTA platform available (set 'hibernate.transaction.jta.platform' to enable JTA platform integration)
2024-06-07T13:42:34.913-04:00  INFO 70155 --- [Genuine] [restartedMain] j.LocalContainerEntityManagerFactoryBean : Initialized JPA EntityManagerFactory for persistence unit 'default'
2024-06-07T13:42:36.152-04:00  WARN 70155 --- [Genuine] [restartedMain] JpaBaseConfiguration$JpaWebConfiguration : spring.jpa.open-in-view is enabled by default. Therefore, database queries may be performed during view rendering. Explicitly configure spring.jpa.open-in-view to disable this warning
2024-06-07T13:42:36.411-04:00  INFO 70155 --- [Genuine] [restartedMain] eAuthenticationProviderManagerConfigurer : Global AuthenticationManager configured with AuthenticationProvider bean with name authenticationProvider
2024-06-07T13:42:36.422-04:00  WARN 70155 --- [Genuine] [restartedMain] r$InitializeUserDetailsManagerConfigurer : Global AuthenticationManager configured with an AuthenticationProvider bean. UserDetailsService beans will not be used for username/password login. Consider removing the AuthenticationProvider bean. Alternatively, consider using the UserDetailsService in a manually instantiated DaoAuthenticationProvider.
2024-06-07T13:42:39.584-04:00  INFO 70155 --- [Genuine] [restartedMain] o.s.s.web.DefaultSecurityFilterChain     : Will secure any request with [org.springframework.security.web.session.DisableEncodeUrlFilter@415c840b, org.springframework.security.web.context.request.async.WebAsyncManagerIntegrationFilter@3c24a4c4, org.springframework.security.web.context.SecurityContextHolderFilter@1143a13b, org.springframework.security.web.header.HeaderWriterFilter@35fe4ebd, org.springframework.web.filter.CorsFilter@5c6138b0, org.springframework.security.web.authentication.logout.LogoutFilter@683440a4, com.geniune.security.JwtAuthenticationFilter$$SpringCGLIB$$0@3f583ef9, org.springframework.security.web.authentication.UsernamePasswordAuthenticationFilter@5e57ce4e, org.springframework.security.web.authentication.ui.DefaultLoginPageGeneratingFilter@5c88da5f, org.springframework.security.web.authentication.ui.DefaultLogoutPageGeneratingFilter@382fc4a6, org.springframework.security.web.savedrequest.RequestCacheAwareFilter@859d512, org.springframework.security.web.servletapi.SecurityContextHolderAwareRequestFilter@767144ff, org.springframework.security.web.authentication.AnonymousAuthenticationFilter@1d766374, org.springframework.security.web.access.ExceptionTranslationFilter@3659af0f, org.springframework.security.web.access.intercept.AuthorizationFilter@62f7559]
2024-06-07T13:42:41.122-04:00  WARN 70155 --- [Genuine] [restartedMain] ion$DefaultTemplateResolverConfiguration : Cannot find template location: classpath:/templates/ (please add some templates, check your Thymeleaf configuration, or set spring.thymeleaf.check-template-location=false)
2024-06-07T13:42:42.338-04:00  INFO 70155 --- [Genuine] [restartedMain] o.s.b.d.a.OptionalLiveReloadServer       : LiveReload server is running on port 35729
2024-06-07T13:42:42.771-04:00  INFO 70155 --- [Genuine] [restartedMain] o.s.b.w.embedded.tomcat.TomcatWebServer  : Tomcat started on port 8080 (http) with context path '/'
2024-06-07T13:42:42.959-04:00  INFO 70155 --- [Genuine] [restartedMain] com.geniune.GenuineApplication           : Started GenuineApplication in 10.907 seconds (process running for 14.719)
2024-06-07T13:43:00.844-04:00  INFO 70155 --- [Genuine] [http-nio-8080-exec-2] o.a.c.c.C.[Tomcat].[localhost].[/]       : Initializing Spring DispatcherServlet 'dispatcherServlet'
2024-06-07T13:43:00.846-04:00  INFO 70155 --- [Genuine] [http-nio-8080-exec-2] o.s.web.servlet.DispatcherServlet        : Initializing Servlet 'dispatcherServlet'
2024-06-07T13:43:00.878-04:00  INFO 70155 --- [Genuine] [http-nio-8080-exec-2] o.s.web.servlet.DispatcherServlet        : Completed initialization in 30 ms
