2024-06-27T15:25:03.947-04:00  INFO 56861 --- [com.logger] [restartedMain] com.logger.ScottloggerApplication        : Starting ScottloggerApplication using Java 17.0.11 with PID 56861 (/Users/nicoleanderson/Desktop/STS_WORKSPACE_DARK/SCOTTLOGGER/target/classes started by nicoleanderson in /Users/nicoleanderson/Desktop/STS_WORKSPACE_DARK/SCOTTLOGGER)
2024-06-27T15:25:03.948-04:00  INFO 56861 --- [com.logger] [restartedMain] com.logger.ScottloggerApplication        : No active profile set, falling back to 1 default profile: "default"
2024-06-27T15:25:03.963-04:00  INFO 56861 --- [com.logger] [restartedMain] .e.DevToolsPropertyDefaultsPostProcessor : Devtools property defaults active! Set 'spring.devtools.add-properties' to 'false' to disable
2024-06-27T15:25:03.963-04:00  INFO 56861 --- [com.logger] [restartedMain] .e.DevToolsPropertyDefaultsPostProcessor : For additional web related logging consider setting the 'logging.level.web' property to 'DEBUG'
2024-06-27T15:25:04.175-04:00  INFO 56861 --- [com.logger] [restartedMain] .s.d.r.c.RepositoryConfigurationDelegate : Bootstrapping Spring Data JPA repositories in DEFAULT mode.
2024-06-27T15:25:04.192-04:00  INFO 56861 --- [com.logger] [restartedMain] .s.d.r.c.RepositoryConfigurationDelegate : Finished Spring Data repository scanning in 14 ms. Found 1 JPA repository interface.
2024-06-27T15:25:04.371-04:00  INFO 56861 --- [com.logger] [restartedMain] o.s.b.w.embedded.tomcat.TomcatWebServer  : Tomcat initialized with port 8080 (http)
2024-06-27T15:25:04.376-04:00  INFO 56861 --- [com.logger] [restartedMain] o.apache.catalina.core.StandardService   : Starting service [Tomcat]
2024-06-27T15:25:04.376-04:00  INFO 56861 --- [com.logger] [restartedMain] o.apache.catalina.core.StandardEngine    : Starting Servlet engine: [Apache Tomcat/10.1.24]
2024-06-27T15:25:04.391-04:00  INFO 56861 --- [com.logger] [restartedMain] o.a.c.c.C.[Tomcat].[localhost].[/]       : Initializing Spring embedded WebApplicationContext
2024-06-27T15:25:04.392-04:00  INFO 56861 --- [com.logger] [restartedMain] w.s.c.ServletWebServerApplicationContext : Root WebApplicationContext: initialization completed in 428 ms
2024-06-27T15:25:04.443-04:00  INFO 56861 --- [com.logger] [restartedMain] o.hibernate.jpa.internal.util.LogHelper  : HHH000204: Processing PersistenceUnitInfo [name: default]
2024-06-27T15:25:04.462-04:00  INFO 56861 --- [com.logger] [restartedMain] org.hibernate.Version                    : HHH000412: Hibernate ORM core version 6.5.2.Final
2024-06-27T15:25:04.473-04:00  INFO 56861 --- [com.logger] [restartedMain] o.h.c.internal.RegionFactoryInitiator    : HHH000026: Second-level cache disabled
2024-06-27T15:25:04.569-04:00  INFO 56861 --- [com.logger] [restartedMain] o.s.o.j.p.SpringPersistenceUnitInfo      : No LoadTimeWeaver setup: ignoring JPA class transformer
2024-06-27T15:25:04.578-04:00  INFO 56861 --- [com.logger] [restartedMain] com.zaxxer.hikari.HikariDataSource       : HikariPool-1 - Starting...
2024-06-27T15:25:04.697-04:00  INFO 56861 --- [com.logger] [restartedMain] com.zaxxer.hikari.pool.HikariPool        : HikariPool-1 - Added connection com.mysql.cj.jdbc.ConnectionImpl@5022442
2024-06-27T15:25:04.698-04:00  INFO 56861 --- [com.logger] [restartedMain] com.zaxxer.hikari.HikariDataSource       : HikariPool-1 - Start completed.
2024-06-27T15:25:05.008-04:00  INFO 56861 --- [com.logger] [restartedMain] o.h.e.t.j.p.i.JtaPlatformInitiator       : HHH000489: No JTA platform available (set 'hibernate.transaction.jta.platform' to enable JTA platform integration)
2024-06-27T15:25:05.026-04:00  INFO 56861 --- [com.logger] [restartedMain] j.LocalContainerEntityManagerFactoryBean : Initialized JPA EntityManagerFactory for persistence unit 'default'
2024-06-27T15:25:05.119-04:00  WARN 56861 --- [com.logger] [restartedMain] JpaBaseConfiguration$JpaWebConfiguration : spring.jpa.open-in-view is enabled by default. Therefore, database queries may be performed during view rendering. Explicitly configure spring.jpa.open-in-view to disable this warning
2024-06-27T15:25:05.215-04:00  WARN 56861 --- [com.logger] [restartedMain] ion$DefaultTemplateResolverConfiguration : Cannot find template location: classpath:/templates/ (please add some templates, check your Thymeleaf configuration, or set spring.thymeleaf.check-template-location=false)
2024-06-27T15:25:05.255-04:00  INFO 56861 --- [com.logger] [restartedMain] o.s.b.d.a.OptionalLiveReloadServer       : LiveReload server is running on port 35729
2024-06-27T15:25:05.269-04:00  INFO 56861 --- [com.logger] [restartedMain] o.s.b.w.embedded.tomcat.TomcatWebServer  : Tomcat started on port 8080 (http) with context path '/'
2024-06-27T15:25:05.274-04:00  INFO 56861 --- [com.logger] [restartedMain] com.logger.ScottloggerApplication        : Started ScottloggerApplication in 1.455 seconds (process running for 1.684)
2024-06-27T15:25:18.155-04:00  INFO 56861 --- [com.logger] [http-nio-8080-exec-2] o.a.c.c.C.[Tomcat].[localhost].[/]       : Initializing Spring DispatcherServlet 'dispatcherServlet'
2024-06-27T15:25:18.156-04:00  INFO 56861 --- [com.logger] [http-nio-8080-exec-2] o.s.web.servlet.DispatcherServlet        : Initializing Servlet 'dispatcherServlet'
2024-06-27T15:25:18.162-04:00  INFO 56861 --- [com.logger] [http-nio-8080-exec-2] o.s.web.servlet.DispatcherServlet        : Completed initialization in 6 ms
2024-06-27T15:28:48.383-04:00  INFO 56861 --- [com.logger] [RMI TCP Connection(13)-127.0.0.1] inMXBeanRegistrar$SpringApplicationAdmin : Application shutdown requested.
2024-06-27T15:28:48.404-04:00  INFO 56861 --- [com.logger] [RMI TCP Connection(13)-127.0.0.1] j.LocalContainerEntityManagerFactoryBean : Closing JPA EntityManagerFactory for persistence unit 'default'
2024-06-27T15:28:48.413-04:00  INFO 56861 --- [com.logger] [RMI TCP Connection(13)-127.0.0.1] com.zaxxer.hikari.HikariDataSource       : HikariPool-1 - Shutdown initiated...
2024-06-27T15:28:48.420-04:00  INFO 56861 --- [com.logger] [RMI TCP Connection(13)-127.0.0.1] com.zaxxer.hikari.HikariDataSource       : HikariPool-1 - Shutdown completed.
2024-06-27T15:29:11.325-04:00  INFO 56932 --- [com.logger] [restartedMain] com.logger.ScottloggerApplication        : Starting ScottloggerApplication using Java 17.0.11 with PID 56932 (/Users/nicoleanderson/Desktop/STS_WORKSPACE_DARK/SCOTTLOGGER/target/classes started by nicoleanderson in /Users/nicoleanderson/Desktop/STS_WORKSPACE_DARK/SCOTTLOGGER)
2024-06-27T15:29:11.326-04:00  INFO 56932 --- [com.logger] [restartedMain] com.logger.ScottloggerApplication        : No active profile set, falling back to 1 default profile: "default"
2024-06-27T15:29:11.343-04:00  INFO 56932 --- [com.logger] [restartedMain] .e.DevToolsPropertyDefaultsPostProcessor : Devtools property defaults active! Set 'spring.devtools.add-properties' to 'false' to disable
2024-06-27T15:29:11.343-04:00  INFO 56932 --- [com.logger] [restartedMain] .e.DevToolsPropertyDefaultsPostProcessor : For additional web related logging consider setting the 'logging.level.web' property to 'DEBUG'
2024-06-27T15:29:11.556-04:00  INFO 56932 --- [com.logger] [restartedMain] .s.d.r.c.RepositoryConfigurationDelegate : Bootstrapping Spring Data JPA repositories in DEFAULT mode.
2024-06-27T15:29:11.572-04:00  INFO 56932 --- [com.logger] [restartedMain] .s.d.r.c.RepositoryConfigurationDelegate : Finished Spring Data repository scanning in 14 ms. Found 1 JPA repository interface.
2024-06-27T15:29:11.753-04:00  INFO 56932 --- [com.logger] [restartedMain] o.s.b.w.embedded.tomcat.TomcatWebServer  : Tomcat initialized with port 8080 (http)
2024-06-27T15:29:11.759-04:00  INFO 56932 --- [com.logger] [restartedMain] o.apache.catalina.core.StandardService   : Starting service [Tomcat]
2024-06-27T15:29:11.759-04:00  INFO 56932 --- [com.logger] [restartedMain] o.apache.catalina.core.StandardEngine    : Starting Servlet engine: [Apache Tomcat/10.1.25]
2024-06-27T15:29:11.776-04:00  INFO 56932 --- [com.logger] [restartedMain] o.a.c.c.C.[Tomcat].[localhost].[/]       : Initializing Spring embedded WebApplicationContext
2024-06-27T15:29:11.776-04:00  INFO 56932 --- [com.logger] [restartedMain] w.s.c.ServletWebServerApplicationContext : Root WebApplicationContext: initialization completed in 433 ms
2024-06-27T15:29:11.828-04:00  INFO 56932 --- [com.logger] [restartedMain] o.hibernate.jpa.internal.util.LogHelper  : HHH000204: Processing PersistenceUnitInfo [name: default]
2024-06-27T15:29:11.855-04:00  INFO 56932 --- [com.logger] [restartedMain] org.hibernate.Version                    : HHH000412: Hibernate ORM core version 6.5.2.Final
2024-06-27T15:29:11.868-04:00  INFO 56932 --- [com.logger] [restartedMain] o.h.c.internal.RegionFactoryInitiator    : HHH000026: Second-level cache disabled
2024-06-27T15:29:11.964-04:00  INFO 56932 --- [com.logger] [restartedMain] o.s.o.j.p.SpringPersistenceUnitInfo      : No LoadTimeWeaver setup: ignoring JPA class transformer
2024-06-27T15:29:11.974-04:00  INFO 56932 --- [com.logger] [restartedMain] com.zaxxer.hikari.HikariDataSource       : HikariPool-1 - Starting...
2024-06-27T15:29:12.111-04:00  INFO 56932 --- [com.logger] [restartedMain] com.zaxxer.hikari.pool.HikariPool        : HikariPool-1 - Added connection com.mysql.cj.jdbc.ConnectionImpl@64663d43
2024-06-27T15:29:12.113-04:00  INFO 56932 --- [com.logger] [restartedMain] com.zaxxer.hikari.HikariDataSource       : HikariPool-1 - Start completed.
2024-06-27T15:29:12.415-04:00  INFO 56932 --- [com.logger] [restartedMain] o.h.e.t.j.p.i.JtaPlatformInitiator       : HHH000489: No JTA platform available (set 'hibernate.transaction.jta.platform' to enable JTA platform integration)
2024-06-27T15:29:12.432-04:00  INFO 56932 --- [com.logger] [restartedMain] j.LocalContainerEntityManagerFactoryBean : Initialized JPA EntityManagerFactory for persistence unit 'default'
2024-06-27T15:29:12.511-04:00  WARN 56932 --- [com.logger] [restartedMain] JpaBaseConfiguration$JpaWebConfiguration : spring.jpa.open-in-view is enabled by default. Therefore, database queries may be performed during view rendering. Explicitly configure spring.jpa.open-in-view to disable this warning
2024-06-27T15:29:12.612-04:00  WARN 56932 --- [com.logger] [restartedMain] ion$DefaultTemplateResolverConfiguration : Cannot find template location: classpath:/templates/ (please add some templates, check your Thymeleaf configuration, or set spring.thymeleaf.check-template-location=false)
2024-06-27T15:29:12.644-04:00  INFO 56932 --- [com.logger] [restartedMain] o.s.b.d.a.OptionalLiveReloadServer       : LiveReload server is running on port 35729
2024-06-27T15:29:12.658-04:00  INFO 56932 --- [com.logger] [restartedMain] o.s.b.w.embedded.tomcat.TomcatWebServer  : Tomcat started on port 8080 (http) with context path '/'
2024-06-27T15:29:12.664-04:00  INFO 56932 --- [com.logger] [restartedMain] com.logger.ScottloggerApplication        : Started ScottloggerApplication in 1.483 seconds (process running for 1.846)
2024-06-27T15:29:47.275-04:00  INFO 56932 --- [com.logger] [RMI TCP Connection(10)-127.0.0.1] inMXBeanRegistrar$SpringApplicationAdmin : Application shutdown requested.
2024-06-27T15:29:47.296-04:00  INFO 56932 --- [com.logger] [RMI TCP Connection(10)-127.0.0.1] j.LocalContainerEntityManagerFactoryBean : Closing JPA EntityManagerFactory for persistence unit 'default'
2024-06-27T15:29:47.300-04:00  INFO 56932 --- [com.logger] [RMI TCP Connection(10)-127.0.0.1] com.zaxxer.hikari.HikariDataSource       : HikariPool-1 - Shutdown initiated...
2024-06-27T15:29:47.306-04:00  INFO 56932 --- [com.logger] [RMI TCP Connection(10)-127.0.0.1] com.zaxxer.hikari.HikariDataSource       : HikariPool-1 - Shutdown completed.
