2024-06-11T10:15:49.869-04:00  INFO 2757 --- [com.printdrawingsearch] [restartedMain] c.p.FinalProjectPrintDrawings            : Starting FinalProjectPrintDrawings using Java 17.0.11 with PID 2757 (/Users/nicoleanderson/Desktop/STS_WORKSPACE_DARK/PrintSearchAPI-JWT-Security/target/classes started by nicoleanderson in /Users/nicoleanderson/Desktop/STS_WORKSPACE_DARK/PrintSearchAPI-JWT-Security)
2024-06-11T10:15:49.872-04:00  INFO 2757 --- [com.printdrawingsearch] [restartedMain] c.p.FinalProjectPrintDrawings            : No active profile set, falling back to 1 default profile: "default"
2024-06-11T10:15:49.893-04:00  INFO 2757 --- [com.printdrawingsearch] [restartedMain] .e.DevToolsPropertyDefaultsPostProcessor : Devtools property defaults active! Set 'spring.devtools.add-properties' to 'false' to disable
2024-06-11T10:15:49.893-04:00  INFO 2757 --- [com.printdrawingsearch] [restartedMain] .e.DevToolsPropertyDefaultsPostProcessor : For additional web related logging consider setting the 'logging.level.web' property to 'DEBUG'
2024-06-11T10:15:50.194-04:00  INFO 2757 --- [com.printdrawingsearch] [restartedMain] .s.d.r.c.RepositoryConfigurationDelegate : Bootstrapping Spring Data JPA repositories in DEFAULT mode.
2024-06-11T10:15:50.220-04:00  INFO 2757 --- [com.printdrawingsearch] [restartedMain] .s.d.r.c.RepositoryConfigurationDelegate : Finished Spring Data repository scanning in 22 ms. Found 2 JPA repository interfaces.
2024-06-11T10:15:50.444-04:00  INFO 2757 --- [com.printdrawingsearch] [restartedMain] o.s.b.w.embedded.tomcat.TomcatWebServer  : Tomcat initialized with port 8080 (http)
2024-06-11T10:15:50.449-04:00  INFO 2757 --- [com.printdrawingsearch] [restartedMain] o.apache.catalina.core.StandardService   : Starting service [Tomcat]
2024-06-11T10:15:50.450-04:00  INFO 2757 --- [com.printdrawingsearch] [restartedMain] o.apache.catalina.core.StandardEngine    : Starting Servlet engine: [Apache Tomcat/10.1.24]
2024-06-11T10:15:50.469-04:00  INFO 2757 --- [com.printdrawingsearch] [restartedMain] o.a.c.c.C.[Tomcat].[localhost].[/]       : Initializing Spring embedded WebApplicationContext
2024-06-11T10:15:50.470-04:00  INFO 2757 --- [com.printdrawingsearch] [restartedMain] w.s.c.ServletWebServerApplicationContext : Root WebApplicationContext: initialization completed in 577 ms
2024-06-11T10:15:50.519-04:00  INFO 2757 --- [com.printdrawingsearch] [restartedMain] o.hibernate.jpa.internal.util.LogHelper  : HHH000204: Processing PersistenceUnitInfo [name: default]
2024-06-11T10:15:50.551-04:00  INFO 2757 --- [com.printdrawingsearch] [restartedMain] org.hibernate.Version                    : HHH000412: Hibernate ORM core version 6.5.2.Final
2024-06-11T10:15:50.566-04:00  INFO 2757 --- [com.printdrawingsearch] [restartedMain] o.h.c.internal.RegionFactoryInitiator    : HHH000026: Second-level cache disabled
2024-06-11T10:15:50.676-04:00  INFO 2757 --- [com.printdrawingsearch] [restartedMain] o.s.o.j.p.SpringPersistenceUnitInfo      : No LoadTimeWeaver setup: ignoring JPA class transformer
2024-06-11T10:15:50.686-04:00  INFO 2757 --- [com.printdrawingsearch] [restartedMain] com.zaxxer.hikari.HikariDataSource       : HikariPool-1 - Starting...
2024-06-11T10:15:50.824-04:00  INFO 2757 --- [com.printdrawingsearch] [restartedMain] com.zaxxer.hikari.pool.HikariPool        : HikariPool-1 - Added connection com.mysql.cj.jdbc.ConnectionImpl@42d9f367
2024-06-11T10:15:50.825-04:00  INFO 2757 --- [com.printdrawingsearch] [restartedMain] com.zaxxer.hikari.HikariDataSource       : HikariPool-1 - Start completed.
2024-06-11T10:15:51.167-04:00  INFO 2757 --- [com.printdrawingsearch] [restartedMain] o.h.e.t.j.p.i.JtaPlatformInitiator       : HHH000489: No JTA platform available (set 'hibernate.transaction.jta.platform' to enable JTA platform integration)
2024-06-11T10:15:51.193-04:00  INFO 2757 --- [com.printdrawingsearch] [restartedMain] j.LocalContainerEntityManagerFactoryBean : Initialized JPA EntityManagerFactory for persistence unit 'default'
2024-06-11T10:15:51.323-04:00  INFO 2757 --- [com.printdrawingsearch] [restartedMain] o.s.d.j.r.query.QueryEnhancerFactory     : Hibernate is in classpath; If applicable, HQL parser will be used.
2024-06-11T10:15:51.475-04:00  WARN 2757 --- [com.printdrawingsearch] [restartedMain] JpaBaseConfiguration$JpaWebConfiguration : spring.jpa.open-in-view is enabled by default. Therefore, database queries may be performed during view rendering. Explicitly configure spring.jpa.open-in-view to disable this warning
2024-06-11T10:15:51.481-04:00  INFO 2757 --- [com.printdrawingsearch] [restartedMain] eAuthenticationProviderManagerConfigurer : Global AuthenticationManager configured with AuthenticationProvider bean with name authenticationProvider
2024-06-11T10:15:51.482-04:00  WARN 2757 --- [com.printdrawingsearch] [restartedMain] r$InitializeUserDetailsManagerConfigurer : Global AuthenticationManager configured with an AuthenticationProvider bean. UserDetailsService beans will not be used for username/password login. Consider removing the AuthenticationProvider bean. Alternatively, consider using the UserDetailsService in a manually instantiated DaoAuthenticationProvider.
2024-06-11T10:15:51.583-04:00  INFO 2757 --- [com.printdrawingsearch] [restartedMain] o.s.s.web.DefaultSecurityFilterChain     : Will secure any request with [org.springframework.security.web.session.DisableEncodeUrlFilter@6fcf6d97, org.springframework.security.web.context.request.async.WebAsyncManagerIntegrationFilter@16e0cba8, org.springframework.security.web.context.SecurityContextHolderFilter@4bb1d983, org.springframework.security.web.header.HeaderWriterFilter@3b398ea0, org.springframework.web.filter.CorsFilter@36260947, org.springframework.security.web.authentication.logout.LogoutFilter@6c21b234, com.printdrawingsearch.security.JwtAuthenticationFilter$$SpringCGLIB$$0@1da72f3b, org.springframework.security.web.authentication.UsernamePasswordAuthenticationFilter@30120e95, org.springframework.security.web.authentication.ui.DefaultLoginPageGeneratingFilter@68b5c4fd, org.springframework.security.web.authentication.ui.DefaultLogoutPageGeneratingFilter@477e39d6, org.springframework.security.web.savedrequest.RequestCacheAwareFilter@2656862b, org.springframework.security.web.servletapi.SecurityContextHolderAwareRequestFilter@359f999f, org.springframework.security.web.authentication.AnonymousAuthenticationFilter@53c9477b, org.springframework.security.web.access.ExceptionTranslationFilter@611860f7, org.springframework.security.web.access.intercept.AuthorizationFilter@7f253b]
2024-06-11T10:15:51.658-04:00  INFO 2757 --- [com.printdrawingsearch] [restartedMain] o.s.b.d.a.OptionalLiveReloadServer       : LiveReload server is running on port 35729
2024-06-11T10:15:51.673-04:00  INFO 2757 --- [com.printdrawingsearch] [restartedMain] o.s.b.w.embedded.tomcat.TomcatWebServer  : Tomcat started on port 8080 (http) with context path '/'
2024-06-11T10:15:51.677-04:00  INFO 2757 --- [com.printdrawingsearch] [restartedMain] c.p.FinalProjectPrintDrawings            : Started FinalProjectPrintDrawings in 1.95 seconds (process running for 2.238)
2024-06-11T10:16:09.997-04:00  INFO 2757 --- [com.printdrawingsearch] [http-nio-8080-exec-2] o.a.c.c.C.[Tomcat].[localhost].[/]       : Initializing Spring DispatcherServlet 'dispatcherServlet'
2024-06-11T10:16:09.997-04:00  INFO 2757 --- [com.printdrawingsearch] [http-nio-8080-exec-2] o.s.web.servlet.DispatcherServlet        : Initializing Servlet 'dispatcherServlet'
2024-06-11T10:16:10.000-04:00  INFO 2757 --- [com.printdrawingsearch] [http-nio-8080-exec-2] o.s.web.servlet.DispatcherServlet        : Completed initialization in 2 ms
2024-06-11T10:16:17.262-04:00  INFO 2757 --- [com.printdrawingsearch] [RMI TCP Connection(2)-127.0.0.1] inMXBeanRegistrar$SpringApplicationAdmin : Application shutdown requested.
2024-06-11T10:16:17.273-04:00  INFO 2757 --- [com.printdrawingsearch] [RMI TCP Connection(2)-127.0.0.1] j.LocalContainerEntityManagerFactoryBean : Closing JPA EntityManagerFactory for persistence unit 'default'
2024-06-11T10:16:17.275-04:00  INFO 2757 --- [com.printdrawingsearch] [RMI TCP Connection(2)-127.0.0.1] com.zaxxer.hikari.HikariDataSource       : HikariPool-1 - Shutdown initiated...
2024-06-11T10:16:17.280-04:00  INFO 2757 --- [com.printdrawingsearch] [RMI TCP Connection(2)-127.0.0.1] com.zaxxer.hikari.HikariDataSource       : HikariPool-1 - Shutdown completed.
