2021-07-19 19:59:45,012 INFO org.springframework.boot.StartupInfoLogger [restartedMain] Starting StudentFinalProjectApplication using Java 15.0.2 on DESKTOP-F5DE8QE with PID 7440 (C:\Users\sande\Desktop\CCE-PRG7933\SpringBootWorkspace_DARK\student-final-project_07142021\student-final-project\target\classes started by sande in C:\Users\sande\Desktop\CCE-PRG7933\SpringBootWorkspace_DARK\student-final-project_07142021\student-final-project)
2021-07-19 19:59:45,020 DEBUG org.springframework.boot.StartupInfoLogger [restartedMain] Running with Spring Boot v2.5.2, Spring v5.3.8
2021-07-19 19:59:45,022 INFO org.springframework.boot.SpringApplication [restartedMain] No active profile set, falling back to default profiles: default
2021-07-19 19:59:50,221 INFO org.springframework.boot.StartupInfoLogger [restartedMain] Started StudentFinalProjectApplication in 5.844 seconds (JVM running for 7.039)
2021-07-19 20:29:01,275 TRACE org.springframework.security.web.authentication.AbstractAuthenticationProcessingFilter [http-nio-8080-exec-1] Did not match request to Ant [pattern='/myposts/api/users/login']
2021-07-19 20:29:01,307 TRACE org.springframework.security.web.authentication.AbstractAuthenticationProcessingFilter [http-nio-8080-exec-1] Did not match request to Ant [pattern='/myposts/api/users/login']
2021-07-19 20:31:42,365 TRACE org.springframework.security.web.authentication.AbstractAuthenticationProcessingFilter [http-nio-8080-exec-5] Did not match request to Ant [pattern='/myposts/api/users/login']
2021-07-19 20:31:42,454 TRACE edu.cpcc.lab.mypost.service.controller.MyPostController [http-nio-8080-exec-5] postPost(): entered...
2021-07-19 20:31:42,455 DEBUG edu.cpcc.lab.mypost.service.controller.MyPostController [http-nio-8080-exec-5] postPost(): entered...
2021-07-19 20:31:42,575 TRACE edu.cpcc.lab.mypost.service.controller.MyPostController [http-nio-8080-exec-5] postPost(): exited...
2021-07-19 20:31:42,575 DEBUG edu.cpcc.lab.mypost.service.controller.MyPostController [http-nio-8080-exec-5] postPost(): exited...
2021-07-19 20:31:44,828 TRACE org.springframework.security.web.authentication.AbstractAuthenticationProcessingFilter [http-nio-8080-exec-6] Did not match request to Ant [pattern='/myposts/api/users/login']
2021-07-19 20:31:44,832 TRACE edu.cpcc.lab.mypost.service.controller.MyPostController [http-nio-8080-exec-6] postPost(): entered...
2021-07-19 20:31:44,833 DEBUG edu.cpcc.lab.mypost.service.controller.MyPostController [http-nio-8080-exec-6] postPost(): entered...
2021-07-19 20:31:44,847 TRACE edu.cpcc.lab.mypost.service.controller.MyPostController [http-nio-8080-exec-6] postPost(): exited...
2021-07-19 20:31:44,848 DEBUG edu.cpcc.lab.mypost.service.controller.MyPostController [http-nio-8080-exec-6] postPost(): exited...
2021-07-19 20:31:48,102 TRACE org.springframework.security.web.authentication.AbstractAuthenticationProcessingFilter [http-nio-8080-exec-7] Did not match request to Ant [pattern='/myposts/api/users/login']
2021-07-19 20:31:48,103 TRACE edu.cpcc.lab.mypost.service.controller.MyPostController [http-nio-8080-exec-7] getPosts(): entered...
2021-07-19 20:31:48,103 DEBUG edu.cpcc.lab.mypost.service.controller.MyPostController [http-nio-8080-exec-7] getPosts(): entered...
2021-07-19 20:31:48,227 TRACE edu.cpcc.lab.mypost.service.controller.MyPostController [http-nio-8080-exec-7] getPosts(): exiting...
2021-07-19 20:31:48,227 DEBUG edu.cpcc.lab.mypost.service.controller.MyPostController [http-nio-8080-exec-7] getPosts(): exiting...
2021-07-19 20:35:13,977 TRACE org.springframework.security.web.authentication.AbstractAuthenticationProcessingFilter [http-nio-8080-exec-3] Did not match request to Ant [pattern='/myposts/api/users/login']
2021-07-19 20:35:13,981 TRACE edu.cpcc.lab.mypost.service.controller.MyPostController [http-nio-8080-exec-3] postPost(): entered...
2021-07-19 20:35:13,982 DEBUG edu.cpcc.lab.mypost.service.controller.MyPostController [http-nio-8080-exec-3] postPost(): entered...
2021-07-19 20:35:14,016 TRACE edu.cpcc.lab.mypost.service.controller.MyPostController [http-nio-8080-exec-3] postPost(): exited...
2021-07-19 20:35:14,017 DEBUG edu.cpcc.lab.mypost.service.controller.MyPostController [http-nio-8080-exec-3] postPost(): exited...
2021-07-19 20:35:54,222 TRACE org.springframework.security.web.authentication.AbstractAuthenticationProcessingFilter [http-nio-8080-exec-4] Did not match request to Ant [pattern='/myposts/api/users/login']
2021-07-19 20:35:54,225 TRACE edu.cpcc.lab.mypost.service.controller.MyUserController [http-nio-8080-exec-4] register() from UserResource: entered...
2021-07-19 20:35:54,226 DEBUG edu.cpcc.lab.mypost.service.controller.MyUserController [http-nio-8080-exec-4] register() from UserResource: entered...
2021-07-19 20:35:54,226 ERROR edu.cpcc.lab.mypost.service.controller.MyUserController [http-nio-8080-exec-4] register() from UserResource: entered...
2021-07-19 20:35:54,227 WARN edu.cpcc.lab.mypost.service.controller.MyUserController [http-nio-8080-exec-4] register() from UserResource: entered...
2021-07-19 20:35:54,373 TRACE edu.cpcc.lab.mypost.service.controller.MyUserController [http-nio-8080-exec-4] register() from UserResource: exiting...
2021-07-19 20:35:54,374 DEBUG edu.cpcc.lab.mypost.service.controller.MyUserController [http-nio-8080-exec-4] register() from UserResource: exiting...
2021-07-19 20:36:06,362 TRACE org.springframework.security.web.authentication.AbstractAuthenticationProcessingFilter [http-nio-8080-exec-5] Did not match request to Ant [pattern='/myposts/api/users/login']
2021-07-19 20:36:06,365 TRACE edu.cpcc.lab.mypost.service.controller.MyUserController [http-nio-8080-exec-5] register() from UserResource: entered...
2021-07-19 20:36:06,366 DEBUG edu.cpcc.lab.mypost.service.controller.MyUserController [http-nio-8080-exec-5] register() from UserResource: entered...
2021-07-19 20:36:06,366 ERROR edu.cpcc.lab.mypost.service.controller.MyUserController [http-nio-8080-exec-5] register() from UserResource: entered...
2021-07-19 20:36:06,366 WARN edu.cpcc.lab.mypost.service.controller.MyUserController [http-nio-8080-exec-5] register() from UserResource: entered...
2021-07-19 20:36:06,513 TRACE org.springframework.security.web.authentication.AbstractAuthenticationProcessingFilter [http-nio-8080-exec-5] Did not match request to Ant [pattern='/myposts/api/users/login']
2021-07-19 20:36:33,537 TRACE org.springframework.security.web.authentication.AbstractAuthenticationProcessingFilter [http-nio-8080-exec-7] Did not match request to Ant [pattern='/myposts/api/users/login']
2021-07-19 20:36:33,539 TRACE edu.cpcc.lab.mypost.service.controller.MyUserController [http-nio-8080-exec-7] register() from UserResource: entered...
2021-07-19 20:36:33,539 DEBUG edu.cpcc.lab.mypost.service.controller.MyUserController [http-nio-8080-exec-7] register() from UserResource: entered...
2021-07-19 20:36:33,540 ERROR edu.cpcc.lab.mypost.service.controller.MyUserController [http-nio-8080-exec-7] register() from UserResource: entered...
2021-07-19 20:36:33,540 WARN edu.cpcc.lab.mypost.service.controller.MyUserController [http-nio-8080-exec-7] register() from UserResource: entered...
2021-07-19 20:36:33,660 TRACE org.springframework.security.web.authentication.AbstractAuthenticationProcessingFilter [http-nio-8080-exec-7] Did not match request to Ant [pattern='/myposts/api/users/login']
2021-07-19 20:37:06,732 TRACE org.springframework.security.web.authentication.AbstractAuthenticationProcessingFilter [http-nio-8080-exec-9] Did not match request to Ant [pattern='/myposts/api/users/login']
2021-07-19 20:37:06,734 TRACE edu.cpcc.lab.mypost.service.controller.MyUserController [http-nio-8080-exec-9] register() from UserResource: entered...
2021-07-19 20:37:06,735 DEBUG edu.cpcc.lab.mypost.service.controller.MyUserController [http-nio-8080-exec-9] register() from UserResource: entered...
2021-07-19 20:37:06,735 ERROR edu.cpcc.lab.mypost.service.controller.MyUserController [http-nio-8080-exec-9] register() from UserResource: entered...
2021-07-19 20:37:06,735 WARN edu.cpcc.lab.mypost.service.controller.MyUserController [http-nio-8080-exec-9] register() from UserResource: entered...
2021-07-19 20:37:06,873 TRACE edu.cpcc.lab.mypost.service.controller.MyUserController [http-nio-8080-exec-9] register() from UserResource: exiting...
2021-07-19 20:37:06,873 DEBUG edu.cpcc.lab.mypost.service.controller.MyUserController [http-nio-8080-exec-9] register() from UserResource: exiting...
2021-07-19 20:39:24,795 TRACE org.springframework.security.web.authentication.AbstractAuthenticationProcessingFilter [http-nio-8080-exec-1] Did not match request to Ant [pattern='/myposts/api/users/login']
2021-07-19 20:39:24,800 TRACE edu.cpcc.lab.mypost.service.controller.MyPostController [http-nio-8080-exec-1] postPost(): entered...
2021-07-19 20:39:24,800 DEBUG edu.cpcc.lab.mypost.service.controller.MyPostController [http-nio-8080-exec-1] postPost(): entered...
2021-07-19 20:39:24,814 TRACE edu.cpcc.lab.mypost.service.controller.MyPostController [http-nio-8080-exec-1] postPost(): exited...
2021-07-19 20:39:24,815 DEBUG edu.cpcc.lab.mypost.service.controller.MyPostController [http-nio-8080-exec-1] postPost(): exited...
2021-07-19 20:39:40,422 TRACE org.springframework.security.web.authentication.AbstractAuthenticationProcessingFilter [http-nio-8080-exec-3] Did not match request to Ant [pattern='/myposts/api/users/login']
2021-07-19 20:39:40,424 TRACE edu.cpcc.lab.mypost.service.controller.MyPostController [http-nio-8080-exec-3] postPost(): entered...
2021-07-19 20:39:40,424 DEBUG edu.cpcc.lab.mypost.service.controller.MyPostController [http-nio-8080-exec-3] postPost(): entered...
2021-07-19 20:39:40,448 TRACE edu.cpcc.lab.mypost.service.controller.MyPostController [http-nio-8080-exec-3] postPost(): exited...
2021-07-19 20:39:40,450 DEBUG edu.cpcc.lab.mypost.service.controller.MyPostController [http-nio-8080-exec-3] postPost(): exited...
2021-07-19 20:46:05,801 TRACE org.springframework.security.web.authentication.AbstractAuthenticationProcessingFilter [http-nio-8080-exec-6] Did not match request to Ant [pattern='/myposts/api/users/login']
2021-07-19 20:46:05,808 TRACE edu.cpcc.lab.mypost.service.controller.MyUserController [http-nio-8080-exec-6] UserResource:get(): entered...
2021-07-19 20:46:05,808 DEBUG edu.cpcc.lab.mypost.service.controller.MyUserController [http-nio-8080-exec-6] UserResource:get(): entered...
2021-07-19 20:46:05,826 TRACE edu.cpcc.lab.mypost.service.controller.MyUserController [http-nio-8080-exec-6] UserResource:get(): exiting...
2021-07-19 20:46:05,826 DEBUG edu.cpcc.lab.mypost.service.controller.MyUserController [http-nio-8080-exec-6] UserResource:get(): exiting...
2021-07-19 20:46:18,161 TRACE org.springframework.security.web.authentication.AbstractAuthenticationProcessingFilter [http-nio-8080-exec-7] Did not match request to Ant [pattern='/myposts/api/users/login']
2021-07-19 20:46:18,164 TRACE edu.cpcc.lab.mypost.service.controller.MyPostController [http-nio-8080-exec-7] postPost(): entered...
2021-07-19 20:46:18,165 DEBUG edu.cpcc.lab.mypost.service.controller.MyPostController [http-nio-8080-exec-7] postPost(): entered...
2021-07-19 20:46:18,179 TRACE edu.cpcc.lab.mypost.service.controller.MyPostController [http-nio-8080-exec-7] postPost(): exited...
2021-07-19 20:46:18,179 DEBUG edu.cpcc.lab.mypost.service.controller.MyPostController [http-nio-8080-exec-7] postPost(): exited...
2021-07-19 20:46:18,609 TRACE org.springframework.security.web.authentication.AbstractAuthenticationProcessingFilter [http-nio-8080-exec-8] Did not match request to Ant [pattern='/myposts/api/users/login']
2021-07-19 20:46:18,613 TRACE edu.cpcc.lab.mypost.service.controller.MyPostController [http-nio-8080-exec-8] postPost(): entered...
2021-07-19 20:46:18,613 DEBUG edu.cpcc.lab.mypost.service.controller.MyPostController [http-nio-8080-exec-8] postPost(): entered...
2021-07-19 20:46:18,626 TRACE edu.cpcc.lab.mypost.service.controller.MyPostController [http-nio-8080-exec-8] postPost(): exited...
2021-07-19 20:46:18,626 DEBUG edu.cpcc.lab.mypost.service.controller.MyPostController [http-nio-8080-exec-8] postPost(): exited...
2021-07-19 20:46:19,322 TRACE org.springframework.security.web.authentication.AbstractAuthenticationProcessingFilter [http-nio-8080-exec-9] Did not match request to Ant [pattern='/myposts/api/users/login']
2021-07-19 20:46:19,323 TRACE edu.cpcc.lab.mypost.service.controller.MyPostController [http-nio-8080-exec-9] postPost(): entered...
2021-07-19 20:46:19,324 DEBUG edu.cpcc.lab.mypost.service.controller.MyPostController [http-nio-8080-exec-9] postPost(): entered...
2021-07-19 20:46:19,334 TRACE edu.cpcc.lab.mypost.service.controller.MyPostController [http-nio-8080-exec-9] postPost(): exited...
2021-07-19 20:46:19,335 DEBUG edu.cpcc.lab.mypost.service.controller.MyPostController [http-nio-8080-exec-9] postPost(): exited...
2021-07-19 20:46:19,857 TRACE org.springframework.security.web.authentication.AbstractAuthenticationProcessingFilter [http-nio-8080-exec-10] Did not match request to Ant [pattern='/myposts/api/users/login']
2021-07-19 20:46:19,858 TRACE edu.cpcc.lab.mypost.service.controller.MyPostController [http-nio-8080-exec-10] postPost(): entered...
2021-07-19 20:46:19,859 DEBUG edu.cpcc.lab.mypost.service.controller.MyPostController [http-nio-8080-exec-10] postPost(): entered...
2021-07-19 20:46:19,867 TRACE edu.cpcc.lab.mypost.service.controller.MyPostController [http-nio-8080-exec-10] postPost(): exited...
2021-07-19 20:46:19,868 DEBUG edu.cpcc.lab.mypost.service.controller.MyPostController [http-nio-8080-exec-10] postPost(): exited...
2021-07-19 20:46:20,406 TRACE org.springframework.security.web.authentication.AbstractAuthenticationProcessingFilter [http-nio-8080-exec-2] Did not match request to Ant [pattern='/myposts/api/users/login']
2021-07-19 20:46:20,408 TRACE edu.cpcc.lab.mypost.service.controller.MyPostController [http-nio-8080-exec-2] postPost(): entered...
2021-07-19 20:46:20,408 DEBUG edu.cpcc.lab.mypost.service.controller.MyPostController [http-nio-8080-exec-2] postPost(): entered...
2021-07-19 20:46:20,421 TRACE edu.cpcc.lab.mypost.service.controller.MyPostController [http-nio-8080-exec-2] postPost(): exited...
2021-07-19 20:46:20,421 DEBUG edu.cpcc.lab.mypost.service.controller.MyPostController [http-nio-8080-exec-2] postPost(): exited...
2021-07-19 20:46:24,421 TRACE org.springframework.security.web.authentication.AbstractAuthenticationProcessingFilter [http-nio-8080-exec-1] Did not match request to Ant [pattern='/myposts/api/users/login']
2021-07-19 20:46:24,423 TRACE edu.cpcc.lab.mypost.service.controller.MyUserController [http-nio-8080-exec-1] UserResource:get(): entered...
2021-07-19 20:46:24,423 DEBUG edu.cpcc.lab.mypost.service.controller.MyUserController [http-nio-8080-exec-1] UserResource:get(): entered...
2021-07-19 20:46:24,427 TRACE edu.cpcc.lab.mypost.service.controller.MyUserController [http-nio-8080-exec-1] UserResource:get(): exiting...
2021-07-19 20:46:24,428 DEBUG edu.cpcc.lab.mypost.service.controller.MyUserController [http-nio-8080-exec-1] UserResource:get(): exiting...
2021-07-19 20:46:28,878 TRACE org.springframework.security.web.authentication.AbstractAuthenticationProcessingFilter [http-nio-8080-exec-3] Did not match request to Ant [pattern='/myposts/api/users/login']
2021-07-19 20:46:28,880 TRACE edu.cpcc.lab.mypost.service.controller.MyPostController [http-nio-8080-exec-3] getPosts(): entered...
2021-07-19 20:46:28,880 DEBUG edu.cpcc.lab.mypost.service.controller.MyPostController [http-nio-8080-exec-3] getPosts(): entered...
2021-07-19 20:46:28,890 TRACE edu.cpcc.lab.mypost.service.controller.MyPostController [http-nio-8080-exec-3] getPosts(): exiting...
2021-07-19 20:46:28,890 DEBUG edu.cpcc.lab.mypost.service.controller.MyPostController [http-nio-8080-exec-3] getPosts(): exiting...
